# JRE version: Java(TM) SE Runtime Environment (11.0+28) (build 11+28)
# Java VM: Java HotSpot(TM) 64-Bit Server VM (11+28, mixed mode, tiered, compressed oops, g1 gc, windows-amd64)
Heap:
 garbage-first heap   total 308224K, used 137816K [0x0000000081400000, 0x0000000100000000)
  region size 1024K, 37 young (37888K), 2 survivors (2048K)
 Metaspace       used 18660K, capacity 18978K, committed 19200K, reserved 1067008K
  class space    used 1836K, capacity 1960K, committed 2048K, reserved 1048576K
GC Heap History (10 events):
Event: 122.505 GC heap before
{Heap before GC invocations=11 (full 0):
 garbage-first heap   total 308224K, used 173371K [0x0000000081400000, 0x0000000100000000)
  region size 1024K, 78 young (79872K), 6 survivors (6144K)
 Metaspace       used 18618K, capacity 18914K, committed 19200K, reserved 1067008K
  class space    used 1834K, capacity 1960K, committed 2048K, reserved 1048576K
}
Event: 122.590 GC heap after
{Heap after GC invocations=12 (full 0):
 garbage-first heap   total 308224K, used 100859K [0x0000000081400000, 0x0000000100000000)
  region size 1024K, 6 young (6144K), 6 survivors (6144K)
 Metaspace       used 18618K, capacity 18914K, committed 19200K, reserved 1067008K
  class space    used 1834K, capacity 1960K, committed 2048K, reserved 1048576K
}
Event: 230.447 GC heap before
{Heap before GC invocations=12 (full 0):
 garbage-first heap   total 308224K, used 181755K [0x0000000081400000, 0x0000000100000000)
  region size 1024K, 85 young (87040K), 6 survivors (6144K)
 Metaspace       used 18618K, capacity 18914K, committed 19200K, reserved 1067008K
  class space    used 1834K, capacity 1960K, committed 2048K, reserved 1048576K
}
Event: 230.825 GC heap after
{Heap after GC invocations=13 (full 0):
 garbage-first heap   total 308224K, used 102464K [0x0000000081400000, 0x0000000100000000)
  region size 1024K, 4 young (4096K), 4 survivors (4096K)
 Metaspace       used 18618K, capacity 18914K, committed 19200K, reserved 1067008K
  class space    used 1834K, capacity 1960K, committed 2048K, reserved 1048576K
}
Event: 263.826 GC heap before
{Heap before GC invocations=13 (full 0):
 garbage-first heap   total 308224K, used 117824K [0x0000000081400000, 0x0000000100000000)
  region size 1024K, 19 young (19456K), 4 survivors (4096K)
 Metaspace       used 18618K, capacity 18914K, committed 19200K, reserved 1067008K
  class space    used 1834K, capacity 1960K, committed 2048K, reserved 1048576K
}
Event: 263.920 GC heap after
{Heap after GC invocations=14 (full 0):
 garbage-first heap   total 308224K, used 102153K [0x0000000081400000, 0x0000000100000000)
  region size 1024K, 1 young (1024K), 1 survivors (1024K)
 Metaspace       used 18618K, capacity 18914K, committed 19200K, reserved 1067008K
  class space    used 1834K, capacity 1960K, committed 2048K, reserved 1048576K
}
Event: 353.082 GC heap before
{Heap before GC invocations=14 (full 0):
 garbage-first heap   total 308224K, used 139017K [0x0000000081400000, 0x0000000100000000)
  region size 1024K, 37 young (37888K), 1 survivors (1024K)
 Metaspace       used 18618K, capacity 18914K, committed 19200K, reserved 1067008K
  class space    used 1834K, capacity 1960K, committed 2048K, reserved 1048576K
}
Event: 353.157 GC heap after
{Heap after GC invocations=15 (full 0):
 garbage-first heap   total 308224K, used 102562K [0x0000000081400000, 0x0000000100000000)
  region size 1024K, 2 young (2048K), 2 survivors (2048K)
 Metaspace       used 18618K, capacity 18914K, committed 19200K, reserved 1067008K
  class space    used 1834K, capacity 1960K, committed 2048K, reserved 1048576K
}
Event: 443.849 GC heap before
{Heap before GC invocations=15 (full 0):
 garbage-first heap   total 308224K, used 139426K [0x0000000081400000, 0x0000000100000000)
  region size 1024K, 38 young (38912K), 2 survivors (2048K)
 Metaspace       used 18618K, capacity 18914K, committed 19200K, reserved 1067008K
  class space    used 1834K, capacity 1960K, committed 2048K, reserved 1048576K
}
Event: 443.911 GC heap after
{Heap after GC invocations=16 (full 0):
 garbage-first heap   total 308224K, used 103000K [0x0000000081400000, 0x0000000100000000)
  region size 1024K, 2 young (2048K), 2 survivors (2048K)
 Metaspace       used 18618K, capacity 18914K, committed 19200K, reserved 1067008K
  class space    used 1834K, capacity 1960K, committed 2048K, reserved 1048576K
}

